<?xml version="1.0" encoding="UTF-8"?>
<testng-results ignored="0" total="2" passed="2" failed="0" skipped="0">
  <reporter-output>
  </reporter-output>
  <suite started-at="2024-06-25T17:49:15 IST" name="ASSIGNMENT TEST SUITE" finished-at="2024-06-25T17:49:56 IST" duration-ms="40714">
    <groups>
    </groups>
    <test started-at="2024-06-25T17:49:15 IST" name="ASSIGNMENT TEST" finished-at="2024-06-25T17:49:56 IST" duration-ms="40714">
      <class name="com.exeevo.scripts.TMobileTest">
        <test-method is-config="true" signature="setupEnv()[pri:0, instance:com.exeevo.scripts.TMobileTest@5b8dfcc1]" started-at="2024-06-25T17:49:15 IST" name="setupEnv" finished-at="2024-06-25T17:49:19 IST" duration-ms="4064" status="PASS">
          <reporter-output>
          </reporter-output>
        </test-method> <!-- setupEnv -->
        <test-method is-config="true" signature="preCondition()[pri:0, instance:com.exeevo.scripts.TMobileTest@5b8dfcc1]" started-at="2024-06-25T17:49:19 IST" name="preCondition" finished-at="2024-06-25T17:49:19 IST" duration-ms="0" status="PASS">
          <reporter-output>
          </reporter-output>
        </test-method> <!-- preCondition -->
        <test-method signature="TCID_101_verifyTabletFilterFunctionality()[pri:1, instance:com.exeevo.scripts.TMobileTest@5b8dfcc1]" started-at="2024-06-25T17:49:19 IST" name="TCID_101_verifyTabletFilterFunctionality" finished-at="2024-06-25T17:49:25 IST" duration-ms="6303" status="PASS">
          <reporter-output>
          </reporter-output>
        </test-method> <!-- TCID_101_verifyTabletFilterFunctionality -->
        <test-method is-config="true" signature="postCondition()[pri:0, instance:com.exeevo.scripts.TMobileTest@5b8dfcc1]" started-at="2024-06-25T17:49:25 IST" name="postCondition" finished-at="2024-06-25T17:49:25 IST" duration-ms="0" status="PASS">
          <reporter-output>
          </reporter-output>
        </test-method> <!-- postCondition -->
        <test-method is-config="true" signature="tearDownEnv()[pri:0, instance:com.exeevo.scripts.TMobileTest@5b8dfcc1]" started-at="2024-06-25T17:49:25 IST" name="tearDownEnv" finished-at="2024-06-25T17:49:26 IST" duration-ms="238" status="PASS">
          <reporter-output>
          </reporter-output>
        </test-method> <!-- tearDownEnv -->
      </class> <!-- com.exeevo.scripts.TMobileTest -->
      <class name="com.exeevo.scripts.PriceCheckTest">
        <test-method is-config="true" signature="setupEnv()[pri:0, instance:com.exeevo.scripts.PriceCheckTest@293a5bf6]" started-at="2024-06-25T17:49:26 IST" name="setupEnv" finished-at="2024-06-25T17:49:29 IST" duration-ms="3359" status="PASS">
          <reporter-output>
          </reporter-output>
        </test-method> <!-- setupEnv -->
        <test-method signature="TCID_101_verifyTabletFilterFunctionality()[pri:1, instance:com.exeevo.scripts.PriceCheckTest@293a5bf6]" started-at="2024-06-25T17:49:29 IST" name="TCID_101_verifyTabletFilterFunctionality" finished-at="2024-06-25T17:49:55 IST" duration-ms="26458" status="PASS">
          <reporter-output>
          </reporter-output>
        </test-method> <!-- TCID_101_verifyTabletFilterFunctionality -->
        <test-method is-config="true" signature="preCondition()[pri:0, instance:com.exeevo.scripts.PriceCheckTest@293a5bf6]" started-at="2024-06-25T17:49:29 IST" name="preCondition" finished-at="2024-06-25T17:49:29 IST" duration-ms="0" status="PASS">
          <reporter-output>
          </reporter-output>
        </test-method> <!-- preCondition -->
        <test-method is-config="true" signature="postCondition()[pri:0, instance:com.exeevo.scripts.PriceCheckTest@293a5bf6]" started-at="2024-06-25T17:49:55 IST" name="postCondition" finished-at="2024-06-25T17:49:55 IST" duration-ms="0" status="PASS">
          <reporter-output>
          </reporter-output>
        </test-method> <!-- postCondition -->
        <test-method is-config="true" signature="tearDownEnv()[pri:0, instance:com.exeevo.scripts.PriceCheckTest@293a5bf6]" started-at="2024-06-25T17:49:55 IST" name="tearDownEnv" finished-at="2024-06-25T17:49:56 IST" duration-ms="217" status="PASS">
          <reporter-output>
          </reporter-output>
        </test-method> <!-- tearDownEnv -->
      </class> <!-- com.exeevo.scripts.PriceCheckTest -->
    </test> <!-- ASSIGNMENT TEST -->
  </suite> <!-- ASSIGNMENT TEST SUITE -->
</testng-results>
