<?xml version="1.0" encoding="UTF-8"?>
<!-- Generated by org.testng.reporters.JUnitXMLReporter -->
<testsuite ignored="0" hostname="DESKTOP-HPEE834" failures="0" tests="2" name="ASSIGNMENT TEST" time="40.714" errors="0" timestamp="2024-06-25T17:49:56 IST">
  <testcase classname="com.exeevo.scripts.TMobileTest" name="TCID_101_verifyTabletFilterFunctionality" time="6.303"/>
  <testcase classname="com.exeevo.scripts.PriceCheckTest" name="TCID_101_verifyTabletFilterFunctionality" time="26.458"/>
</testsuite> <!-- ASSIGNMENT TEST -->
